C51 COMPILER V9.54   LIB_I2C                                                               06/27/2022 16:11:36 PAGE 1   


C51 COMPILER V9.54, COMPILATION OF MODULE LIB_I2C
OBJECT MODULE PLACED IN .\Objects\lib_i2c.obj
COMPILER INVOKED BY: C:\Keil_v5\C51\BIN\C51.EXE lib_i2c.c OPTIMIZE(8,SPEED) BROWSE DEBUG OBJECTEXTEND PRINT(.\Listings\l
                    -ib_i2c.lst) TABS(2) OBJECT(.\Objects\lib_i2c.obj)

line level    source

   1          #include "lib_i2c.h"
   2          
   3          /* I2C
   4          
   5          з©әй—ІзҠ¶жҖҒ: ж—¶й’ҹзәҝе’Ңж•°жҚ®зәҝеқҮдёәй«ҳз”өе№і
   6          иө·е§ӢдҝЎеҸ·: ж—¶й’ҹзәҝдёәй«ҳз”өе№іж—¶,ж•°жҚ®зәҝз”ұй«ҳз”өе№іеҸҳдёәдҪҺз”өе№і
   7          еҒңжӯўдҝЎеҸ·: ж—¶й’ҹзәҝдёәй«ҳз”өе№іж—¶,ж•°жҚ®зәҝз”ұдҪҺз”өе№іеҸҳдёәй«ҳз”өе№і
   8          ж•°жҚ®/еә”зӯ”дҪҚ еҚ•жҜ”зү№еҸ‘йҖҒ: дё»жңәеңЁж—¶й’ҹзәҝдёәдҪҺз”өе№іж—¶,еҸҜж”№еҸҳж•°жҚ®зәҝз”өе№і
   9          ж•°жҚ®/еә”зӯ”дҪҚ еҚ•жҜ”зү№жҺҘж”¶: д»ҺжңәеңЁж—¶й’ҹзәҝдёәй«ҳз”өе№іж—¶,еҜ№ж•°жҚ®зәҝиҝӣиЎҢйҮҮж ·
  10          еҸ‘йҖҒж•°жҚ®: еҸ‘йҖҒж–№еҗ‘жҺҘеҸ—ж–№еҸ‘йҖҒ1дёӘеӯ—иҠӮ(8дёӘжҜ”зү№),з„¶еҗҺжҺҘж”¶ж–№еҗ‘еҸ‘йҖҒж–№еҸ‘йҖҒ1дёӘеә”зӯ
             -”дҪҚ(1дёӘжҜ”зү№)
  11          жҺҘж”¶ж•°жҚ®: жҺҘж”¶ж–№д»ҺеҸ‘йҖҒж–№жҺҘж”¶1дёӘеӯ—иҠӮ(8дёӘжҜ”зү№),з„¶еҗҺеҸ‘йҖҒж–№д»ҺжҺҘеҸ—ж–№жҺҘж”¶1дёӘеә”зӯ
             -”дҪҚ(1дёӘжҜ”зү№)
  12          еә”зӯ”дҪҚ: еңЁдёҖж–№еҸ‘йҖҒ/жҺҘж”¶8дёӘжҜ”зү№еҗҺ,еҸҰдёҖж–№йңҖеҸ‘йҖҒ/жҺҘж”¶1дёӘеә”зӯ”дҪҚ (дҪҺз”өе№і0дёәеә”зӯ”
             -,й«ҳз”өе№і1дёәдёҚеә”зӯ”)
  13          е»¶ж—¶дҪңз”Ё: йҳІжӯўи®ҫеӨҮеңЁж—¶й’ҹзәҝзҡ„дёҠеҚҮжІҝ/дёӢйҷҚжІҝж—¶иҝӣиЎҢйҮҮж ·
  14          
  15          START: when CLK is high, buf change form high to low
  16          STOP:  when CLK is high buf change form low to high
  17          
  18          жіЁ: ж•ҙдёӘж”¶еҸ‘иҝҮзЁӢдёӯж—¶й’ҹзәҝйғҪз”ұдё»жңәжҺ§еҲ¶,дё”е…ҲеҸ‘йҖҒй«ҳдҪҚеҶҚеҸ‘йҖҒдҪҺдҪҚ
  19          
  20          https://blog.csdn.net/CCSGTC/article/details/108571947
  21          
  22          дё»жңәеҫҖд»ҺжңәеҶҷж•°жҚ®:
  23          1.дё»жңәжҺ§еҲ¶ж•°жҚ®зәҝ,дә§з”ҹиө·е§ӢжқЎд»¶,ејҖе§ӢеҸ‘йҖҒ
  24          2.дё»жңәжҺ§еҲ¶ж•°жҚ®зәҝ,еҸ‘йҖҒ7дҪҚең°еқҖдҪҚ(A7:A1)+1дҪҚиҜ»еҶҷдҪҚ(R/W,иҝҷйҮҢзҪ®0)
  25            иҜ»еҶҷдҪҚдёәжңҖдҪҺдҪҚ,дё”й«ҳз”өе№ід»ЈиЎЁиҜ»,дҪҺз”өе№ід»ЈиЎЁеҶҷ
  26          3.д»ҺжңәжҺ§еҲ¶ж•°жҚ®зәҝ,еҸ‘йҖҒеә”зӯ”дҪҚ
  27          4.дё»жңәжҺ§еҲ¶ж•°жҚ®зәҝ,еҸ‘йҖҒд»Һжңәдёӯ8дҪҚеҜ„еӯҳеҷЁең°еқҖ
  28          5.д»ҺжңәжҺ§еҲ¶ж•°жҚ®зәҝ,еҸ‘йҖҒеә”зӯ”дҪҚ
  29          6.дё»жңәжҺ§еҲ¶ж•°жҚ®зәҝ,еҸ‘йҖҒиҰҒеҶҷзҡ„8дҪҚж•°жҚ®
  30          7.д»ҺжңәжҺ§еҲ¶ж•°жҚ®зәҝ,еҸ‘йҖҒеә”зӯ”дҪҚ
  31          8.еҸҜйҮҚеӨҚ4~7зҡ„жӯҘйӘӨ,иҝһз»ӯеҸ‘йҖҒж•°жҚ®
  32          9.дё»жңәжҺ§еҲ¶ж•°жҚ®зәҝ,дә§з”ҹеҒңжӯўжқЎд»¶,еҒңжӯўеҸ‘йҖҒ
  33          
  34          дё»жңәеҫҖд»ҺжңәиҜ»ж•°жҚ®:
  35          1.дё»жңәжҺ§еҲ¶ж•°жҚ®зәҝ,дә§з”ҹиө·е§ӢжқЎд»¶,ејҖе§ӢеҸ‘йҖҒ
  36          2.дё»жңәжҺ§еҲ¶ж•°жҚ®зәҝ,еҸ‘йҖҒ7дҪҚең°еқҖдҪҚ(A7:A1)+1дҪҚиҜ»еҶҷдҪҚ(R/W,иҝҷйҮҢзҪ®0)
  37            иҜ»еҶҷдҪҚдёәжңҖдҪҺдҪҚ,дё”й«ҳз”өе№ід»ЈиЎЁиҜ»,дҪҺз”өе№ід»ЈиЎЁеҶҷ
  38          3.д»ҺжңәжҺ§еҲ¶ж•°жҚ®зәҝ,еҸ‘йҖҒеә”зӯ”дҪҚ
  39          4.дё»жңәжҺ§еҲ¶ж•°жҚ®зәҝ,еҸ‘йҖҒд»Һжңәдёӯ8дҪҚеҜ„еӯҳеҷЁең°еқҖ
  40          5.д»ҺжңәжҺ§еҲ¶ж•°жҚ®зәҝ,еҸ‘йҖҒеә”зӯ”дҪҚ // еүҚ5жӯҘе’ҢдёҠж–№зҡ„зӣёеҗҢ
  41          6.дё»жңәжҺ§еҲ¶ж•°жҚ®зәҝ,йҮҚж–°дә§з”ҹиө·е§ӢжқЎд»¶
  42          7.дё»жңәжҺ§еҲ¶ж•°жҚ®зәҝ,еҸ‘йҖҒ7дҪҚең°еқҖдҪҚ(A7:A1)+1дҪҚиҜ»еҶҷдҪҚ(R/W,иҝҷйҮҢзҪ®1)
  43          8.д»ҺжңәжҺ§еҲ¶ж•°жҚ®зәҝ,еҸ‘йҖҒеә”зӯ”дҪҚ
  44          9.дё»жңәжҺ§еҲ¶ж•°жҚ®зәҝ,еҸ‘йҖҒ8дҪҚж•°жҚ®
  45          10.д»ҺжңәжҺ§еҲ¶ж•°жҚ®зәҝ,еҸ‘йҖҒеә”зӯ”дҪҚ;еҰӮиҰҒеҸ‘йҖҒеҒңжӯўжқЎд»¶,йңҖе…ҲеҸ‘йҖҒдёҚеә”зӯ”
  46          
  47          */
  48          
  49          void i2c_delay() {
  50   1          uint8_t i;
  51   1          for (i = 0; i < 10; ++i) {}
C51 COMPILER V9.54   LIB_I2C                                                               06/27/2022 16:11:36 PAGE 2   

  52   1      }
  53          
  54          void i2c_start() {
  55   1          I2C_SDA = 1;
  56   1          I2C_SCL = 1;
  57   1          i2c_delay();
  58   1          I2C_SDA = 0;
  59   1      }
  60          
  61          void i2c_stop() {
  62   1          I2C_SDA = 0;
  63   1          I2C_SCL = 1;
  64   1          i2c_delay();
  65   1          I2C_SDA = 1;
  66   1      }
  67          
  68          void i2c_send_byte(uint8_t byte) {
  69   1          uint8_t i = 8;
  70   1          while (i--) {
  71   2              I2C_SCL = 0;
  72   2              I2C_SDA = byte & (1 << i);
  73   2              i2c_delay();
  74   2              I2C_SCL = 1;
  75   2          }
  76   1      }
  77          
  78          uint8_t i2c_recv_byte() {
  79   1          uint8_t i    = 8;
  80   1          uint8_t byte = 0;
  81   1          while (i--) {
  82   2              I2C_SCL = 1;
  83   2              if (I2C_SDA)  //
  84   2                  byte |= (1 << i);
  85   2              i2c_delay();
  86   2              I2C_SCL = 0;
  87   2          }
  88   1          return byte;
  89   1      }
  90          
  91          void i2c_send_ack() {
  92   1          I2C_SCL = 0;
  93   1          I2C_SDA = 0;
  94   1          I2C_SCL = 1;
  95   1      }
  96          
  97          void i2c_send_nack() {
  98   1          I2C_SCL = 0;
  99   1          I2C_SDA = 1;
 100   1          i2c_delay();
 101   1          I2C_SCL = 1;
 102   1      }
 103          
 104          uint8_t i2c_recv_ack() {
 105   1          uint8_t t = 0;
 106   1          I2C_SCL   = 0;
 107   1          I2C_SDA   = 1;
 108   1          i2c_delay();
 109   1          I2C_SCL = 1;
 110   1          while (I2C_SDA) {
 111   2              if (++t > 250) {
 112   3                  i2c_stop();
 113   3                  return 1;  //ж— еә”зӯ”
C51 COMPILER V9.54   LIB_I2C                                                               06/27/2022 16:11:36 PAGE 3   

 114   3              }
 115   2          }
 116   1          I2C_SCL = 0;
 117   1          return 0;  //жңүеә”зӯ”
 118   1      }
 119          
 120          // жЈҖжөӢеҷЁд»¶жҳҜеҗҰеӯҳеңЁ 0дёҚеӯҳеңЁ 1еӯҳеңЁ
 121          uint8_t i2c_check(uint8_t addr_dev) {
 122   1          i2c_start();
 123   1          i2c_send_byte((addr_dev << 1) | 0);
 124   1          if (i2c_recv_ack())  //
 125   1              return 0;
 126   1          i2c_stop();
 127   1          return 1;
 128   1      }
 129          
 130          uint8_t i2c_write_byte(uint8_t addr_dev, uint8_t addr_reg, uint8_t byte) {
 131   1          i2c_start();
 132   1          i2c_send_byte((addr_dev << 1) | 0);
 133   1          if (i2c_recv_ack()) return 0;
 134   1          i2c_send_byte(addr_reg);
 135   1          if (i2c_recv_ack()) return 0;
 136   1          i2c_send_byte(byte);
 137   1          if (i2c_recv_ack()) return 0;
 138   1          i2c_stop();
 139   1          return 1;
 140   1      }
 141          uint8_t i2c_read_byte(uint8_t addr_dev, uint8_t addr_reg, uint8_t* byte) {
 142   1          i2c_start();
 143   1          i2c_send_byte((addr_dev << 1) | 0);
 144   1          if (i2c_recv_ack()) return 0;
 145   1          i2c_send_byte(addr_reg);
 146   1          if (i2c_recv_ack()) return 0;
 147   1          i2c_start();
 148   1          i2c_send_byte((addr_dev << 1) | 1);
 149   1          if (i2c_recv_ack()) return 0;
 150   1          *byte = i2c_recv_byte();
 151   1          i2c_send_nack();
 152   1          i2c_stop();
 153   1          return 1;
 154   1      }
 155          
 156          uint8_t i2c_write_bytes(uint8_t addr_dev, uint8_t addr_reg, uint8_t* buf, uint8_t len) {
 157   1          uint8_t i;
 158   1          i2c_start();
 159   1          i2c_send_byte((addr_dev << 1) | 0);
 160   1          if (i2c_recv_ack()) return 0;
 161   1          i2c_send_byte(addr_reg);
 162   1          if (i2c_recv_ack()) return 0;
 163   1          for (i = 0; i < len; ++i) {
 164   2              i2c_send_byte(buf[i]);
 165   2              if (i2c_recv_ack()) return 0;
 166   2          }
 167   1          i2c_stop();
 168   1          return 1;
 169   1      }
 170          
 171          uint8_t i2c_read_bytes(uint8_t addr_dev, uint8_t addr_reg, uint8_t* buf, uint8_t len) {
 172   1          uint8_t i;
 173   1          i2c_start();
 174   1          i2c_send_byte((addr_dev << 1) | 0);
 175   1          if (i2c_recv_ack()) return 0;
C51 COMPILER V9.54   LIB_I2C                                                               06/27/2022 16:11:36 PAGE 4   

 176   1          i2c_send_byte(addr_reg);
 177   1          if (i2c_recv_ack()) return 0;
 178   1          i2c_start();
 179   1          i2c_send_byte((addr_dev << 1) | 1);
 180   1          if (i2c_recv_ack()) return 0;
 181   1          for (i = 0; i < len - 1; ++i) {
 182   2              *buf++ = i2c_recv_byte();
 183   2              i2c_send_ack();
 184   2          }
 185   1          *buf = i2c_recv_byte();
 186   1          i2c_send_nack();
 187   1          i2c_stop();
 188   1          return 1;
 189   1      }


MODULE INFORMATION:   STATIC OVERLAYABLE
   CODE SIZE        =    491    ----
   CONSTANT SIZE    =   ----    ----
   XDATA SIZE       =   ----    ----
   PDATA SIZE       =   ----    ----
   DATA SIZE        =   ----      16
   IDATA SIZE       =   ----    ----
   BIT SIZE         =   ----    ----
END OF MODULE INFORMATION.


C51 COMPILATION COMPLETE.  0 WARNING(S),  0 ERROR(S)
