C51 COMPILER V9.54   LIB_UART                                                              06/27/2022 16:11:36 PAGE 1   


C51 COMPILER V9.54, COMPILATION OF MODULE LIB_UART
OBJECT MODULE PLACED IN .\Objects\lib_uart.obj
COMPILER INVOKED BY: C:\Keil_v5\C51\BIN\C51.EXE lib_uart.c OPTIMIZE(8,SPEED) BROWSE DEBUG OBJECTEXTEND PRINT(.\Listings\
                    -lib_uart.lst) TABS(2) OBJECT(.\Objects\lib_uart.obj)

line level    source

   1          
   2          
   3          #include "lib_uart.h"
   4          
   5          void uart_init(void) {  // @baud=9600
   6   1          SCON = 0x50;        // 模式1:8位UART,波特率可变,启用接收 . SM0=0;SM1=1;REN=1;
   7   1          PCON |= 0x80;       // 设置波特率加倍, 波特率倍速位 SMOD=1, SMOD0=0
   8   1          ES = 1;             // 串口开关
   9   1          TMOD &= 0x0f;       // timer mode,清除原定时器工作模式
  10   1          TMOD |= 0x20;       // 设置为八位自动重载
  11   1          TH1 = TL1 = 0xFA;   // 赋定时器初值
  12   1          ET1       = 0;      // disenable timer1, 关闭定时器1的中断
  13   1          TR1       = 1;      // timer1 run, 启动定时器1
  14   1      }
  15          
  16          void uart_sendchar(char byte) {
  17   1          SBUF = byte;    //传入数据
  18   1          while (!TI) {}  //等待发送完毕
  19   1          TI = 0;         //将数据发送标志位复位
  20   1      }
  21          
  22          void uart_sendline(void) {  // 换行
  23   1          uart_sendchar('\r');
  24   1          uart_sendchar('\n');
  25   1      }
  26          
  27          void uart_sendstr(char* string) {
  28   1          while (*string) uart_sendchar(*string++);
  29   1      }
  30          
  31          void uart_sendstr_ln(char* string) {
  32   1          uart_sendstr(string);
  33   1          uart_sendline();
  34   1      }
  35          
  36          void uart_senddec(int number) reentrant {
  37   1          if (number > 9)
  38   1              uart_senddec(number / 10);
  39   1          uart_sendchar('0' + number % 10);
  40   1      }
  41          
  42          void uart_sendhex(int number) reentrant {
  43   1          char val;
  44   1          if (number > 15)
  45   1              uart_sendhex(number / 16);
  46   1          val = number % 16;
  47   1          if (val < 10)
  48   1              uart_sendchar('0' + val);
  49   1          else
  50   1              uart_sendchar('A' + val - 10);
  51   1      }
  52          
  53          void uart_isr() interrupt 4 {
  54   1          if (RI)  //数据接收标志位
C51 COMPILER V9.54   LIB_UART                                                              06/27/2022 16:11:36 PAGE 2   

  55   1          {
  56   2              uart_handle(SBUF);  // SBUF 为接受到的数据
  57   2              RI = 0;             //将数据接收标志位复位
  58   2          }
  59   1      }


MODULE INFORMATION:   STATIC OVERLAYABLE
   CODE SIZE        =    305    ----
   CONSTANT SIZE    =   ----    ----
   XDATA SIZE       =   ----    ----
   PDATA SIZE       =   ----    ----
   DATA SIZE        =   ----       3
   IDATA SIZE       =   ----    ----
   BIT SIZE         =   ----    ----
END OF MODULE INFORMATION.


C51 COMPILATION COMPLETE.  0 WARNING(S),  0 ERROR(S)
